This is pdfTeX, Version 3.14159265-2.6-1.40.21 (MiKTeX 20.6.29) (preloaded format=pdflatex 2020.10.18)  28 SEP 2021 19:19
entering extended mode
**./Projekt_Pisno.tex
(Projekt_Pisno.tex
LaTeX2e <2020-02-02> patch level 5
L3 programming layer <2020-06-18>
("C:\Program Files (x86)\latex\tex/latex/base\article.cls"
Document Class: article 2019/12/20 v1.4l Standard LaTeX document class
("C:\Program Files (x86)\latex\tex/latex/base\size12.clo"
File: size12.clo 2019/12/20 v1.4l Standard LaTeX file (size option)
)
\c@part=\count167
\c@section=\count168
\c@subsection=\count169
\c@subsubsection=\count170
\c@paragraph=\count171
\c@subparagraph=\count172
\c@figure=\count173
\c@table=\count174
\abovecaptionskip=\skip47
\belowcaptionskip=\skip48
\bibindent=\dimen134
)
("C:\Program Files (x86)\latex\tex/latex/base\inputenc.sty"
Package: inputenc 2018/08/11 v1.3c Input encoding file
\inpenc@prehook=\toks15
\inpenc@posthook=\toks16
)
("C:\Program Files (x86)\latex\tex/generic/babel\babel.sty"
Package: babel 2020/06/10 3.45 The Babel package

("C:\Program Files (x86)\latex\tex/generic/babel\babel.def"
File: babel.def 2020/06/10 3.45 Babel common definitions
\babel@savecnt=\count175
\U@D=\dimen135
\l@babelnohyphens=\language79

("C:\Program Files (x86)\latex\tex/generic/babel\txtbabel.def")
\bbl@readstream=\read2
)
\bbl@dirlevel=\count176

*************************************
* Local config file bblopts.cfg used
*
("C:\Program Files (x86)\latex\tex/latex/arabi\bblopts.cfg"
File: bblopts.cfg 2005/09/08 v0.1 add Arabic and Farsi to "declared" options of
 babel
)
("C:\Program Files (x86)\latex\tex/latex/babel-slovenian\slovene.ldf"
Language: slovene 2005/03/31 v1.2m Slovene support from the babel system
Package babel Info: Making " an active character on input line 79.
))
("C:\Program Files (x86)\latex\tex/latex/amscls\amsthm.sty"
Package: amsthm 2020/05/29 v2.20.6
\thm@style=\toks17
\thm@bodyfont=\toks18
\thm@headfont=\toks19
\thm@notefont=\toks20
\thm@headpunct=\toks21
\thm@preskip=\skip49
\thm@postskip=\skip50
\thm@headsep=\skip51
\dth@everypar=\toks22
)
("C:\Program Files (x86)\latex\tex/latex/amsfonts\amsfonts.sty"
Package: amsfonts 2013/01/14 v3.01 Basic AMSFonts support
\@emptytoks=\toks23
\symAMSa=\mathgroup4
\symAMSb=\mathgroup5
LaTeX Font Info:    Redeclaring math symbol \hbar on input line 98.
LaTeX Font Info:    Overwriting math alphabet `\mathfrak' in version `bold'
(Font)                  U/euf/m/n --> U/euf/b/n on input line 106.
)
("C:\Program Files (x86)\latex\tex/latex/amsmath\amsmath.sty"
Package: amsmath 2020/01/20 v2.17e AMS math features
\@mathmargin=\skip52

For additional information on amsmath, use the `?' option.
("C:\Program Files (x86)\latex\tex/latex/amsmath\amstext.sty"
Package: amstext 2000/06/29 v2.01 AMS text

("C:\Program Files (x86)\latex\tex/latex/amsmath\amsgen.sty"
File: amsgen.sty 1999/11/30 v2.0 generic functions
\@emptytoks=\toks24
\ex@=\dimen136
))
("C:\Program Files (x86)\latex\tex/latex/amsmath\amsbsy.sty"
Package: amsbsy 1999/11/29 v1.2d Bold Symbols
\pmbraise@=\dimen137
)
("C:\Program Files (x86)\latex\tex/latex/amsmath\amsopn.sty"
Package: amsopn 2016/03/08 v2.02 operator names
)
\inf@bad=\count177
LaTeX Info: Redefining \frac on input line 227.
\uproot@=\count178
\leftroot@=\count179
LaTeX Info: Redefining \overline on input line 389.
\classnum@=\count180
\DOTSCASE@=\count181
LaTeX Info: Redefining \ldots on input line 486.
LaTeX Info: Redefining \dots on input line 489.
LaTeX Info: Redefining \cdots on input line 610.
\Mathstrutbox@=\box45
\strutbox@=\box46
\big@size=\dimen138
LaTeX Font Info:    Redeclaring font encoding OML on input line 733.
LaTeX Font Info:    Redeclaring font encoding OMS on input line 734.
\macc@depth=\count182
\c@MaxMatrixCols=\count183
\dotsspace@=\muskip16
\c@parentequation=\count184
\dspbrk@lvl=\count185
\tag@help=\toks25
\row@=\count186
\column@=\count187
\maxfields@=\count188
\andhelp@=\toks26
\eqnshift@=\dimen139
\alignsep@=\dimen140
\tagshift@=\dimen141
\tagwidth@=\dimen142
\totwidth@=\dimen143
\lineht@=\dimen144
\@envbody=\toks27
\multlinegap=\skip53
\multlinetaggap=\skip54
\mathdisplay@stack=\toks28
LaTeX Info: Redefining \[ on input line 2859.
LaTeX Info: Redefining \] on input line 2860.
)
("C:\Program Files (x86)\latex\tex/latex/amsfonts\amssymb.sty"
Package: amssymb 2013/01/14 v3.01 AMS font symbols
)
("C:\Program Files (x86)\latex\tex/latex/url\url.sty"
\Urlmuskip=\muskip17
Package: url 2013/09/16  ver 3.4  Verb mode for urls, etc.
)
("C:\Program Files (x86)\latex\tex/latex/graphics\graphicx.sty"
Package: graphicx 2019/11/30 v1.2a Enhanced LaTeX Graphics (DPC,SPQR)

("C:\Program Files (x86)\latex\tex/latex/graphics\keyval.sty"
Package: keyval 2014/10/28 v1.15 key=value parser (DPC)
\KV@toks@=\toks29
)
("C:\Program Files (x86)\latex\tex/latex/graphics\graphics.sty"
Package: graphics 2019/11/30 v1.4a Standard LaTeX Graphics (DPC,SPQR)

("C:\Program Files (x86)\latex\tex/latex/graphics\trig.sty"
Package: trig 2016/01/03 v1.10 sin cos tan (DPC)
)
("C:\Program Files (x86)\latex\tex/latex/graphics-cfg\graphics.cfg"
File: graphics.cfg 2016/06/04 v1.11 sample graphics configuration
)
Package graphics Info: Driver file: pdftex.def on input line 105.

("C:\Program Files (x86)\latex\tex/latex/graphics-def\pdftex.def"
File: pdftex.def 2018/01/08 v1.0l Graphics/color driver for pdftex
))
\Gin@req@height=\dimen145
\Gin@req@width=\dimen146
)
(C:\Users\mtcus\AppData\Roaming\MiKTeX\tex/latex/subfigure\subfigure.sty
Package: subfigure 2002/07/30 v2.1.4 subfigure package
\subfigtopskip=\skip55
\subfigcapskip=\skip56
\subfigcaptopadj=\dimen147
\subfigbottomskip=\skip57
\subfigcapmargin=\dimen148
\subfiglabelskip=\skip58
\c@subfigure=\count189
\c@lofdepth=\count190
\c@subtable=\count191
\c@lotdepth=\count192

****************************************
* Local config file subfigure.cfg used *
****************************************
(C:\Users\mtcus\AppData\Roaming\MiKTeX\tex/latex/subfigure\subfigure.cfg)
\subfig@top=\skip59
\subfig@bottom=\skip60
)
("C:\Program Files (x86)\latex\tex/latex/l3backend\l3backend-pdfmode.def"
File: l3backend-pdfmode.def 2020-06-29 L3 backend support: PDF mode
\l__kernel_color_stack_int=\count193
\l__pdf_internal_box=\box47
)
(Projekt_Pisno.aux)
\openout1 = `Projekt_Pisno.aux'.

LaTeX Font Info:    Checking defaults for OML/cmm/m/it on input line 14.
LaTeX Font Info:    ... okay on input line 14.
LaTeX Font Info:    Checking defaults for OMS/cmsy/m/n on input line 14.
LaTeX Font Info:    ... okay on input line 14.
LaTeX Font Info:    Checking defaults for OT1/cmr/m/n on input line 14.
LaTeX Font Info:    ... okay on input line 14.
LaTeX Font Info:    Checking defaults for T1/cmr/m/n on input line 14.
LaTeX Font Info:    ... okay on input line 14.
LaTeX Font Info:    Checking defaults for TS1/cmr/m/n on input line 14.
LaTeX Font Info:    ... okay on input line 14.
LaTeX Font Info:    Checking defaults for OMX/cmex/m/n on input line 14.
LaTeX Font Info:    ... okay on input line 14.
LaTeX Font Info:    Checking defaults for U/cmr/m/n on input line 14.
LaTeX Font Info:    ... okay on input line 14.

("C:\Program Files (x86)\latex\tex/context/base/mkii\supp-pdf.mkii"
[Loading MPS to PDF converter (version 2006.09.02).]
\scratchcounter=\count194
\scratchdimen=\dimen149
\scratchbox=\box48
\nofMPsegments=\count195
\nofMParguments=\count196
\everyMPshowfont=\toks30
\MPscratchCnt=\count197
\MPscratchDim=\dimen150
\MPnumerator=\count198
\makeMPintoPDFobject=\count199
\everyMPtoPDFconversion=\toks31
) ("C:\Program Files (x86)\latex\tex/latex/epstopdf-pkg\epstopdf-base.sty"
Package: epstopdf-base 2020-01-24 v2.11 Base part for package epstopdf
Package epstopdf-base Info: Redefining graphics rule for `.eps' on input line 4
85.
)
[1

{C:/Users/mtcus/AppData/Local/MiKTeX/pdftex/config/pdftex.map}]
Underfull \hbox (badness 10000) in paragraph at lines 37--38

 []

LaTeX Font Info:    Trying to load font information for U+msa on input line 43.

("C:\Program Files (x86)\latex\tex/latex/amsfonts\umsa.fd"
File: umsa.fd 2013/01/14 v3.01 AMS symbols A
)
LaTeX Font Info:    Trying to load font information for U+msb on input line 43.


("C:\Program Files (x86)\latex\tex/latex/amsfonts\umsb.fd"
File: umsb.fd 2013/01/14 v3.01 AMS symbols B
) [1]
<app1.png, id=16, 147.55125pt x 37.94176pt>
File: app1.png Graphic file (type png)
<use app1.png>
Package pdftex.def Info: app1.png  used on input line 62.
(pdftex.def)             Requested size: 147.55087pt x 37.94165pt.
<app2.png, id=17, 800.39024pt x 371.58826pt>
File: app2.png Graphic file (type png)
<use app2.png>
Package pdftex.def Info: app2.png  used on input line 71.
(pdftex.def)             Requested size: 560.26935pt x 260.11pt.

Overfull \hbox (144.85912pt too wide) in paragraph at lines 71--72
 [][] 
 []

<app3.png, id=18, 188.50426pt x 34.9305pt>
File: app3.png Graphic file (type png)
<use app3.png>
Package pdftex.def Info: app3.png  used on input line 84.
(pdftex.def)             Requested size: 188.50378pt x 34.9304pt.
<app4.png, id=19, 764.8575pt x 409.53pt>
File: app4.png Graphic file (type png)
<use app4.png>
Package pdftex.def Info: app4.png  used on input line 88.
(pdftex.def)             Requested size: 535.39659pt x 286.66904pt.

Overfull \hbox (119.98636pt too wide) in paragraph at lines 88--90
 [][] 
 []

[2 <./app1.png> <./app2.png>]
<app5.png, id=23, 508.299pt x 122.25674pt>
File: app5.png Graphic file (type png)
<use app5.png>
Package pdftex.def Info: app5.png  used on input line 97.
(pdftex.def)             Requested size: 508.29774pt x 122.25644pt.

Overfull \hbox (92.88751pt too wide) in paragraph at lines 97--98
 [][] 
 []

[3 <./app3.png> <./app4.png> <./app5.png>]
<app6.png, id=29, 489.62926pt x 386.04225pt>
File: app6.png Graphic file (type png)
<use app6.png>
Package pdftex.def Info: app6.png  used on input line 107.
(pdftex.def)             Requested size: 416.18683pt x 328.13745pt.

Overfull \hbox (0.7766pt too wide) in paragraph at lines 107--108
 [][] 
 []

[4 <./app6.png>]
<slikaSod.png, id=34, 417.9615pt x 375.20175pt>
File: slikaSod.png Graphic file (type png)
<use slikaSod.png>
Package pdftex.def Info: slikaSod.png  used on input line 121.
(pdftex.def)             Requested size: 186.93333pt x 167.8087pt.
<slikaLih.png, id=35, 413.74574pt x 363.15675pt>
File: slikaLih.png Graphic file (type png)
<use slikaLih.png>
Package pdftex.def Info: slikaLih.png  used on input line 122.
(pdftex.def)             Requested size: 186.93333pt x 164.07843pt.
 [5 <./slikaSod.png> <./slikaLih.png>] [6] (Projekt_Pisno.aux) ) 
Here is how much of TeX's memory you used:
 3393 strings out of 480790
 44718 string characters out of 2904724
 296051 words of memory out of 3000000
 19362 multiletter control sequences out of 15000+200000
 540002 words of font info for 52 fonts, out of 3000000 for 9000
 1141 hyphenation exceptions out of 8191
 30i,6n,27p,682b,254s stack positions out of 5000i,500n,10000p,200000b,50000s
 <C:\Users\mtcu
s\AppData\Local\MiKTeX\fonts/pk/ljfour/jknappen/ec/dpi600\tcrm1200.pk><C:/Progr
am Files (x86)/latex/fonts/type1/public/amsfonts/cm/cmbx12.pfb><C:/Program File
s (x86)/latex/fonts/type1/public/amsfonts/cm/cmcsc10.pfb><C:/Program Files (x86
)/latex/fonts/type1/public/amsfonts/cm/cmmi12.pfb><C:/Program Files (x86)/latex
/fonts/type1/public/amsfonts/cm/cmmi8.pfb><C:/Program Files (x86)/latex/fonts/t
ype1/public/amsfonts/cm/cmr10.pfb><C:/Program Files (x86)/latex/fonts/type1/pub
lic/amsfonts/cm/cmr12.pfb><C:/Program Files (x86)/latex/fonts/type1/public/amsf
onts/cm/cmr8.pfb><C:/Program Files (x86)/latex/fonts/type1/public/amsfonts/cm/c
msy10.pfb><C:/Program Files (x86)/latex/fonts/type1/public/amsfonts/cm/cmti12.p
fb><C:/Program Files (x86)/latex/fonts/type1/public/amsfonts/cm/cmtt12.pfb>
Output written on Projekt_Pisno.pdf (7 pages, 392926 bytes).
PDF statistics:
 84 PDF objects out of 1000 (max. 8388607)
 0 named destinations out of 1000 (max. 500000)
 41 words of extra memory for PDF output out of 10000 (max. 10000000)

